2014-09-21 17:23:49 ERROR - Mensaje invalido recibido por middleware : Transaccion [ 59 ] invalida: Hora invalida.
2014-09-21 17:23:49 ERROR - Mensaje invalido recibido por middleware : Transaccion [ 0 ] invalida: Fecha invalida.
2014-09-21 17:24:30 ERROR - Excepcion: org.springframework.jdbc.CannotGetJdbcConnectionException: Could not get JDBC Connection; nested exception is com.mysql.jdbc.exceptions.jdbc4.CommunicationsException: Communications link failure

The last packet sent successfully to the server was 0 milliseconds ago. The driver has not received any packets from the server.
2014-09-21 17:24:30 ERROR - org.springframework.messaging.MessageHandlingException: error occurred in message handler [org.springframework.integration.jdbc.JdbcMessageHandler#0]
	at org.springframework.integration.handler.AbstractMessageHandler.handleMessage(AbstractMessageHandler.java:84)
	at org.springframework.integration.dispatcher.AbstractDispatcher.tryOptimizedDispatch(AbstractDispatcher.java:116)
	at org.springframework.integration.dispatcher.UnicastingDispatcher.doDispatch(UnicastingDispatcher.java:101)
	at org.springframework.integration.dispatcher.UnicastingDispatcher.dispatch(UnicastingDispatcher.java:97)
	at org.springframework.integration.channel.AbstractSubscribableChannel.doSend(AbstractSubscribableChannel.java:77)
	at org.springframework.integration.channel.AbstractMessageChannel.send(AbstractMessageChannel.java:255)
	at org.springframework.integration.channel.AbstractMessageChannel.send(AbstractMessageChannel.java:223)
	at org.springframework.messaging.core.GenericMessagingTemplate.doSend(GenericMessagingTemplate.java:109)
	at org.springframework.messaging.core.GenericMessagingTemplate.doSend(GenericMessagingTemplate.java:44)
	at org.springframework.messaging.core.AbstractMessageSendingTemplate.send(AbstractMessageSendingTemplate.java:94)
	at org.springframework.integration.handler.AbstractReplyProducingMessageHandler.sendMessage(AbstractReplyProducingMessageHandler.java:260)
	at org.springframework.integration.handler.AbstractReplyProducingMessageHandler.sendReplyMessage(AbstractReplyProducingMessageHandler.java:241)
	at org.springframework.integration.handler.AbstractReplyProducingMessageHandler.produceReply(AbstractReplyProducingMessageHandler.java:205)
	at org.springframework.integration.handler.AbstractReplyProducingMessageHandler.handleResult(AbstractReplyProducingMessageHandler.java:199)
	at org.springframework.integration.handler.AbstractReplyProducingMessageHandler.handleMessageInternal(AbstractReplyProducingMessageHandler.java:177)
	at org.springframework.integration.handler.AbstractMessageHandler.handleMessage(AbstractMessageHandler.java:78)
	at org.springframework.integration.dispatcher.AbstractDispatcher.tryOptimizedDispatch(AbstractDispatcher.java:116)
	at org.springframework.integration.dispatcher.UnicastingDispatcher.doDispatch(UnicastingDispatcher.java:101)
	at org.springframework.integration.dispatcher.UnicastingDispatcher.access$000(UnicastingDispatcher.java:48)
	at org.springframework.integration.dispatcher.UnicastingDispatcher$1.run(UnicastingDispatcher.java:92)
	at org.springframework.integration.util.ErrorHandlingTaskExecutor$1.run(ErrorHandlingTaskExecutor.java:52)
	at java.util.concurrent.ThreadPoolExecutor.runWorker(Unknown Source)
	at java.util.concurrent.ThreadPoolExecutor$Worker.run(Unknown Source)
	at java.lang.Thread.run(Unknown Source)
Caused by: org.springframework.jdbc.CannotGetJdbcConnectionException: Could not get JDBC Connection; nested exception is com.mysql.jdbc.exceptions.jdbc4.CommunicationsException: Communications link failure

The last packet sent successfully to the server was 0 milliseconds ago. The driver has not received any packets from the server.
	at org.springframework.jdbc.datasource.DataSourceUtils.getConnection(DataSourceUtils.java:80)
	at org.springframework.jdbc.core.JdbcTemplate.execute(JdbcTemplate.java:630)
	at org.springframework.jdbc.core.JdbcTemplate.update(JdbcTemplate.java:909)
	at org.springframework.jdbc.core.JdbcTemplate.update(JdbcTemplate.java:933)
	at org.springframework.jdbc.core.namedparam.NamedParameterJdbcTemplate.update(NamedParameterJdbcTemplate.java:313)
	at org.springframework.integration.jdbc.JdbcMessageHandler.executeUpdateQuery(JdbcMessageHandler.java:130)
	at org.springframework.integration.jdbc.JdbcMessageHandler.handleMessageInternal(JdbcMessageHandler.java:112)
	at org.springframework.integration.handler.AbstractMessageHandler.handleMessage(AbstractMessageHandler.java:78)
	... 23 more
Caused by: com.mysql.jdbc.exceptions.jdbc4.CommunicationsException: Communications link failure

The last packet sent successfully to the server was 0 milliseconds ago. The driver has not received any packets from the server.
	at sun.reflect.NativeConstructorAccessorImpl.newInstance0(Native Method)
	at sun.reflect.NativeConstructorAccessorImpl.newInstance(Unknown Source)
	at sun.reflect.DelegatingConstructorAccessorImpl.newInstance(Unknown Source)
	at java.lang.reflect.Constructor.newInstance(Unknown Source)
	at com.mysql.jdbc.Util.handleNewInstance(Util.java:408)
	at com.mysql.jdbc.SQLError.createCommunicationsException(SQLError.java:1137)
	at com.mysql.jdbc.MysqlIO.<init>(MysqlIO.java:355)
	at com.mysql.jdbc.ConnectionImpl.coreConnect(ConnectionImpl.java:2490)
	at com.mysql.jdbc.ConnectionImpl.connectOneTryOnly(ConnectionImpl.java:2527)
	at com.mysql.jdbc.ConnectionImpl.createNewIO(ConnectionImpl.java:2309)
	at com.mysql.jdbc.ConnectionImpl.<init>(ConnectionImpl.java:834)
	at com.mysql.jdbc.JDBC4Connection.<init>(JDBC4Connection.java:46)
	at sun.reflect.NativeConstructorAccessorImpl.newInstance0(Native Method)
	at sun.reflect.NativeConstructorAccessorImpl.newInstance(Unknown Source)
	at sun.reflect.DelegatingConstructorAccessorImpl.newInstance(Unknown Source)
	at java.lang.reflect.Constructor.newInstance(Unknown Source)
	at com.mysql.jdbc.Util.handleNewInstance(Util.java:408)
	at com.mysql.jdbc.ConnectionImpl.getInstance(ConnectionImpl.java:419)
	at com.mysql.jdbc.NonRegisteringDriver.connect(NonRegisteringDriver.java:344)
	at java.sql.DriverManager.getConnection(Unknown Source)
	at java.sql.DriverManager.getConnection(Unknown Source)
	at middleware.componentes.MDataSource.getConnection(MDataSource.java:74)
	at middleware.componentes.MDataSource.getConnection(MDataSource.java:66)
	at org.springframework.jdbc.datasource.DataSourceUtils.doGetConnection(DataSourceUtils.java:111)
	at org.springframework.jdbc.datasource.DataSourceUtils.getConnection(DataSourceUtils.java:77)
	... 30 more
Caused by: java.net.ConnectException: Connection refused: connect
	at java.net.DualStackPlainSocketImpl.connect0(Native Method)
	at java.net.DualStackPlainSocketImpl.socketConnect(Unknown Source)
	at java.net.AbstractPlainSocketImpl.doConnect(Unknown Source)
	at java.net.AbstractPlainSocketImpl.connectToAddress(Unknown Source)
	at java.net.AbstractPlainSocketImpl.connect(Unknown Source)
	at java.net.PlainSocketImpl.connect(Unknown Source)
	at java.net.SocksSocketImpl.connect(Unknown Source)
	at java.net.Socket.connect(Unknown Source)
	at java.net.Socket.connect(Unknown Source)
	at java.net.Socket.<init>(Unknown Source)
	at java.net.Socket.<init>(Unknown Source)
	at com.mysql.jdbc.StandardSocketFactory.connect(StandardSocketFactory.java:258)
	at com.mysql.jdbc.MysqlIO.<init>(MysqlIO.java:305)
	... 48 more

2014-09-21 17:25:58 ERROR - Mensaje invalido recibido por middleware : Transaccion [ 41 ] invalida: Tipo de tarjeta invalido.
2014-09-21 17:34:34 ERROR - Mensaje invalido recibido por middleware : Transaccion [ 64 ] invalida: Hora invalida.
2014-09-21 17:34:34 ERROR - Mensaje invalido recibido por middleware : Transaccion [ 43 ] invalida: Fecha invalida.
2014-09-21 17:48:18 ERROR - Mensaje invalido recibido por middleware : Transaccion [ 59 ] invalida: Hora invalida.
2014-09-21 17:48:18 ERROR - Mensaje invalido recibido por middleware : Transaccion [ 0 ] invalida: Tipo de dispositivo invalido.
2014-09-21 18:31:05 ERROR - Mensaje invalido recibido por middleware : Transaccion [ 25 ] invalida: Tipo de transaccion invalido.
2014-09-21 18:50:27 ERROR - Mensaje invalido recibido por middleware : Transaccion [ 47 ] invalida: Hora invalida.
2014-09-21 18:50:28 ERROR - Mensaje invalido recibido por middleware : Transaccion [ 79 ] invalida: Fecha invalida.
2014-09-21 18:50:28 ERROR - Mensaje invalido recibido por middleware : Transaccion [ 73 ] invalida: Hora invalida.
2014-09-21 18:50:28 ERROR - Mensaje invalido recibido por middleware : Transaccion [ 44 ] invalida: Hora invalida.
2014-09-21 18:50:28 ERROR - Mensaje invalido recibido por middleware : Transaccion [ 57 ] invalida: Tipo de moneda invalido.
2014-09-21 18:50:28 ERROR - Mensaje invalido recibido por middleware : Transaccion [ 61 ] invalida: Tipo de transaccion invalido.
